<?xml version="1.0" encoding="UTF-8" ?>
<testsuite tests="115" failures="0" name="com.walmart.service.TicketServiceWalmartImplSpec" time="11.257" errors="0" skipped="0">
  <properties>
[...]
</properties>
  <testcase classname="com.walmart.service.TicketServiceWalmartImplSpec" name="test that venue is initalized correctly" time="0.178"/>
  <testcase classname="com.walmart.service.TicketServiceWalmartImplSpec" name="Row Num: 0 Seat Num: 0 MiddleSeat Num: 0 Numer Of Seats Per Row: 0 Score: 0" time="0"/>
  <testcase classname="com.walmart.service.TicketServiceWalmartImplSpec" name="Row Num: 10 Seat Num: 1 MiddleSeat Num: 5 Numer Of Seats Per Row: 10 Score: 21" time="0.001"/>
  <testcase classname="com.walmart.service.TicketServiceWalmartImplSpec" name="Row Num: 10 Seat Num: 2 MiddleSeat Num: 5 Numer Of Seats Per Row: 10 Score: 22" time="0.001"/>
  <testcase classname="com.walmart.service.TicketServiceWalmartImplSpec" name="Row Num: 10 Seat Num: 3 MiddleSeat Num: 5 Numer Of Seats Per Row: 10 Score: 23" time="0"/>
  <testcase classname="com.walmart.service.TicketServiceWalmartImplSpec" name="Row Num: 10 Seat Num: 4 MiddleSeat Num: 5 Numer Of Seats Per Row: 10 Score: 24" time="0.001"/>
  <testcase classname="com.walmart.service.TicketServiceWalmartImplSpec" name="Row Num: 10 Seat Num: 5 MiddleSeat Num: 5 Numer Of Seats Per Row: 10 Score: 25" time="0"/>
  <testcase classname="com.walmart.service.TicketServiceWalmartImplSpec" name="Row Num: 10 Seat Num: 6 MiddleSeat Num: 5 Numer Of Seats Per Row: 10 Score: 25" time="0"/>
  <testcase classname="com.walmart.service.TicketServiceWalmartImplSpec" name="Row Num: 10 Seat Num: 7 MiddleSeat Num: 5 Numer Of Seats Per Row: 10 Score: 24" time="0"/>
  <testcase classname="com.walmart.service.TicketServiceWalmartImplSpec" name="Row Num: 10 Seat Num: 8 MiddleSeat Num: 5 Numer Of Seats Per Row: 10 Score: 23" time="0.001"/>
  <testcase classname="com.walmart.service.TicketServiceWalmartImplSpec" name="Row Num: 10 Seat Num: 9 MiddleSeat Num: 5 Numer Of Seats Per Row: 10 Score: 22" time="0"/>
  <testcase classname="com.walmart.service.TicketServiceWalmartImplSpec" name="Row Num: 10 Seat Num: 10 MiddleSeat Num: 5 Numer Of Seats Per Row: 10 Score: 21" time="0"/>
  <testcase classname="com.walmart.service.TicketServiceWalmartImplSpec" name="Row Num: 9 Seat Num: 1 MiddleSeat Num: 5 Numer Of Seats Per Row: 10 Score: 19" time="0"/>
  <testcase classname="com.walmart.service.TicketServiceWalmartImplSpec" name="Row Num: 9 Seat Num: 2 MiddleSeat Num: 5 Numer Of Seats Per Row: 10 Score: 20" time="0"/>
  <testcase classname="com.walmart.service.TicketServiceWalmartImplSpec" name="Row Num: 9 Seat Num: 3 MiddleSeat Num: 5 Numer Of Seats Per Row: 10 Score: 21" time="0"/>
  <testcase classname="com.walmart.service.TicketServiceWalmartImplSpec" name="Row Num: 9 Seat Num: 4 MiddleSeat Num: 5 Numer Of Seats Per Row: 10 Score: 22" time="0.002"/>
  <testcase classname="com.walmart.service.TicketServiceWalmartImplSpec" name="Row Num: 9 Seat Num: 5 MiddleSeat Num: 5 Numer Of Seats Per Row: 10 Score: 23" time="0.001"/>
  <testcase classname="com.walmart.service.TicketServiceWalmartImplSpec" name="Row Num: 9 Seat Num: 6 MiddleSeat Num: 5 Numer Of Seats Per Row: 10 Score: 23" time="0"/>
  <testcase classname="com.walmart.service.TicketServiceWalmartImplSpec" name="Row Num: 9 Seat Num: 7 MiddleSeat Num: 5 Numer Of Seats Per Row: 10 Score: 22" time="0"/>
  <testcase classname="com.walmart.service.TicketServiceWalmartImplSpec" name="Row Num: 9 Seat Num: 8 MiddleSeat Num: 5 Numer Of Seats Per Row: 10 Score: 21" time="0.001"/>
  <testcase classname="com.walmart.service.TicketServiceWalmartImplSpec" name="Row Num: 9 Seat Num: 9 MiddleSeat Num: 5 Numer Of Seats Per Row: 10 Score: 20" time="0.001"/>
  <testcase classname="com.walmart.service.TicketServiceWalmartImplSpec" name="Row Num: 9 Seat Num: 10 MiddleSeat Num: 5 Numer Of Seats Per Row: 10 Score: 19" time="0.001"/>
  <testcase classname="com.walmart.service.TicketServiceWalmartImplSpec" name="Row Num: 8 Seat Num: 1 MiddleSeat Num: 5 Numer Of Seats Per Row: 10 Score: 17" time="0.001"/>
  <testcase classname="com.walmart.service.TicketServiceWalmartImplSpec" name="Row Num: 8 Seat Num: 2 MiddleSeat Num: 5 Numer Of Seats Per Row: 10 Score: 18" time="0"/>
  <testcase classname="com.walmart.service.TicketServiceWalmartImplSpec" name="Row Num: 8 Seat Num: 3 MiddleSeat Num: 5 Numer Of Seats Per Row: 10 Score: 19" time="0.001"/>
  <testcase classname="com.walmart.service.TicketServiceWalmartImplSpec" name="Row Num: 8 Seat Num: 4 MiddleSeat Num: 5 Numer Of Seats Per Row: 10 Score: 20" time="0"/>
  <testcase classname="com.walmart.service.TicketServiceWalmartImplSpec" name="Row Num: 8 Seat Num: 5 MiddleSeat Num: 5 Numer Of Seats Per Row: 10 Score: 21" time="0.001"/>
  <testcase classname="com.walmart.service.TicketServiceWalmartImplSpec" name="Row Num: 8 Seat Num: 6 MiddleSeat Num: 5 Numer Of Seats Per Row: 10 Score: 21" time="0"/>
  <testcase classname="com.walmart.service.TicketServiceWalmartImplSpec" name="Row Num: 8 Seat Num: 7 MiddleSeat Num: 5 Numer Of Seats Per Row: 10 Score: 20" time="0.001"/>
  <testcase classname="com.walmart.service.TicketServiceWalmartImplSpec" name="Row Num: 8 Seat Num: 8 MiddleSeat Num: 5 Numer Of Seats Per Row: 10 Score: 19" time="0"/>
  <testcase classname="com.walmart.service.TicketServiceWalmartImplSpec" name="Row Num: 8 Seat Num: 9 MiddleSeat Num: 5 Numer Of Seats Per Row: 10 Score: 18" time="0"/>
  <testcase classname="com.walmart.service.TicketServiceWalmartImplSpec" name="Row Num: 8 Seat Num: 10 MiddleSeat Num: 5 Numer Of Seats Per Row: 10 Score: 17" time="0"/>
  <testcase classname="com.walmart.service.TicketServiceWalmartImplSpec" name="Row Num: 7 Seat Num: 1 MiddleSeat Num: 5 Numer Of Seats Per Row: 10 Score: 15" time="0"/>
  <testcase classname="com.walmart.service.TicketServiceWalmartImplSpec" name="Row Num: 7 Seat Num: 2 MiddleSeat Num: 5 Numer Of Seats Per Row: 10 Score: 16" time="0"/>
  <testcase classname="com.walmart.service.TicketServiceWalmartImplSpec" name="Row Num: 7 Seat Num: 3 MiddleSeat Num: 5 Numer Of Seats Per Row: 10 Score: 17" time="0.001"/>
  <testcase classname="com.walmart.service.TicketServiceWalmartImplSpec" name="Row Num: 7 Seat Num: 4 MiddleSeat Num: 5 Numer Of Seats Per Row: 10 Score: 18" time="0"/>
  <testcase classname="com.walmart.service.TicketServiceWalmartImplSpec" name="Row Num: 7 Seat Num: 5 MiddleSeat Num: 5 Numer Of Seats Per Row: 10 Score: 19" time="0.001"/>
  <testcase classname="com.walmart.service.TicketServiceWalmartImplSpec" name="Row Num: 7 Seat Num: 6 MiddleSeat Num: 5 Numer Of Seats Per Row: 10 Score: 19" time="0"/>
  <testcase classname="com.walmart.service.TicketServiceWalmartImplSpec" name="Row Num: 7 Seat Num: 7 MiddleSeat Num: 5 Numer Of Seats Per Row: 10 Score: 18" time="0"/>
  <testcase classname="com.walmart.service.TicketServiceWalmartImplSpec" name="Row Num: 7 Seat Num: 8 MiddleSeat Num: 5 Numer Of Seats Per Row: 10 Score: 17" time="0"/>
  <testcase classname="com.walmart.service.TicketServiceWalmartImplSpec" name="Row Num: 7 Seat Num: 9 MiddleSeat Num: 5 Numer Of Seats Per Row: 10 Score: 16" time="0.001"/>
  <testcase classname="com.walmart.service.TicketServiceWalmartImplSpec" name="Row Num: 7 Seat Num: 10 MiddleSeat Num: 5 Numer Of Seats Per Row: 10 Score: 15" time="0.001"/>
  <testcase classname="com.walmart.service.TicketServiceWalmartImplSpec" name="Row Num: 6 Seat Num: 1 MiddleSeat Num: 5 Numer Of Seats Per Row: 10 Score: 13" time="0"/>
  <testcase classname="com.walmart.service.TicketServiceWalmartImplSpec" name="Row Num: 6 Seat Num: 2 MiddleSeat Num: 5 Numer Of Seats Per Row: 10 Score: 14" time="0"/>
  <testcase classname="com.walmart.service.TicketServiceWalmartImplSpec" name="Row Num: 6 Seat Num: 3 MiddleSeat Num: 5 Numer Of Seats Per Row: 10 Score: 15" time="0.001"/>
  <testcase classname="com.walmart.service.TicketServiceWalmartImplSpec" name="Row Num: 6 Seat Num: 4 MiddleSeat Num: 5 Numer Of Seats Per Row: 10 Score: 16" time="0.001"/>
  <testcase classname="com.walmart.service.TicketServiceWalmartImplSpec" name="Row Num: 6 Seat Num: 5 MiddleSeat Num: 5 Numer Of Seats Per Row: 10 Score: 17" time="0"/>
  <testcase classname="com.walmart.service.TicketServiceWalmartImplSpec" name="Row Num: 6 Seat Num: 6 MiddleSeat Num: 5 Numer Of Seats Per Row: 10 Score: 17" time="0.001"/>
  <testcase classname="com.walmart.service.TicketServiceWalmartImplSpec" name="Row Num: 6 Seat Num: 7 MiddleSeat Num: 5 Numer Of Seats Per Row: 10 Score: 16" time="0.001"/>
  <testcase classname="com.walmart.service.TicketServiceWalmartImplSpec" name="Row Num: 6 Seat Num: 8 MiddleSeat Num: 5 Numer Of Seats Per Row: 10 Score: 15" time="0.001"/>
  <testcase classname="com.walmart.service.TicketServiceWalmartImplSpec" name="Row Num: 6 Seat Num: 9 MiddleSeat Num: 5 Numer Of Seats Per Row: 10 Score: 14" time="0"/>
  <testcase classname="com.walmart.service.TicketServiceWalmartImplSpec" name="Row Num: 6 Seat Num: 10 MiddleSeat Num: 5 Numer Of Seats Per Row: 10 Score: 13" time="0.001"/>
  <testcase classname="com.walmart.service.TicketServiceWalmartImplSpec" name="Row Num: 5 Seat Num: 1 MiddleSeat Num: 5 Numer Of Seats Per Row: 10 Score: 11" time="0.001"/>
  <testcase classname="com.walmart.service.TicketServiceWalmartImplSpec" name="Row Num: 5 Seat Num: 2 MiddleSeat Num: 5 Numer Of Seats Per Row: 10 Score: 12" time="0"/>
  <testcase classname="com.walmart.service.TicketServiceWalmartImplSpec" name="Row Num: 5 Seat Num: 3 MiddleSeat Num: 5 Numer Of Seats Per Row: 10 Score: 13" time="0"/>
  <testcase classname="com.walmart.service.TicketServiceWalmartImplSpec" name="Row Num: 5 Seat Num: 4 MiddleSeat Num: 5 Numer Of Seats Per Row: 10 Score: 14" time="0.001"/>
  <testcase classname="com.walmart.service.TicketServiceWalmartImplSpec" name="Row Num: 5 Seat Num: 5 MiddleSeat Num: 5 Numer Of Seats Per Row: 10 Score: 15" time="0"/>
  <testcase classname="com.walmart.service.TicketServiceWalmartImplSpec" name="Row Num: 5 Seat Num: 6 MiddleSeat Num: 5 Numer Of Seats Per Row: 10 Score: 15" time="0"/>
  <testcase classname="com.walmart.service.TicketServiceWalmartImplSpec" name="Row Num: 5 Seat Num: 7 MiddleSeat Num: 5 Numer Of Seats Per Row: 10 Score: 14" time="0.001"/>
  <testcase classname="com.walmart.service.TicketServiceWalmartImplSpec" name="Row Num: 5 Seat Num: 8 MiddleSeat Num: 5 Numer Of Seats Per Row: 10 Score: 13" time="0.001"/>
  <testcase classname="com.walmart.service.TicketServiceWalmartImplSpec" name="Row Num: 5 Seat Num: 9 MiddleSeat Num: 5 Numer Of Seats Per Row: 10 Score: 12" time="0"/>
  <testcase classname="com.walmart.service.TicketServiceWalmartImplSpec" name="Row Num: 5 Seat Num: 10 MiddleSeat Num: 5 Numer Of Seats Per Row: 10 Score: 11" time="0"/>
  <testcase classname="com.walmart.service.TicketServiceWalmartImplSpec" name="Row Num: 4 Seat Num: 1 MiddleSeat Num: 5 Numer Of Seats Per Row: 10 Score: 9" time="0"/>
  <testcase classname="com.walmart.service.TicketServiceWalmartImplSpec" name="Row Num: 4 Seat Num: 2 MiddleSeat Num: 5 Numer Of Seats Per Row: 10 Score: 10" time="0.001"/>
  <testcase classname="com.walmart.service.TicketServiceWalmartImplSpec" name="Row Num: 4 Seat Num: 3 MiddleSeat Num: 5 Numer Of Seats Per Row: 10 Score: 11" time="0"/>
  <testcase classname="com.walmart.service.TicketServiceWalmartImplSpec" name="Row Num: 4 Seat Num: 4 MiddleSeat Num: 5 Numer Of Seats Per Row: 10 Score: 12" time="0"/>
  <testcase classname="com.walmart.service.TicketServiceWalmartImplSpec" name="Row Num: 4 Seat Num: 5 MiddleSeat Num: 5 Numer Of Seats Per Row: 10 Score: 13" time="0.001"/>
  <testcase classname="com.walmart.service.TicketServiceWalmartImplSpec" name="Row Num: 4 Seat Num: 6 MiddleSeat Num: 5 Numer Of Seats Per Row: 10 Score: 13" time="0.001"/>
  <testcase classname="com.walmart.service.TicketServiceWalmartImplSpec" name="Row Num: 4 Seat Num: 7 MiddleSeat Num: 5 Numer Of Seats Per Row: 10 Score: 12" time="0"/>
  <testcase classname="com.walmart.service.TicketServiceWalmartImplSpec" name="Row Num: 4 Seat Num: 8 MiddleSeat Num: 5 Numer Of Seats Per Row: 10 Score: 11" time="0.001"/>
  <testcase classname="com.walmart.service.TicketServiceWalmartImplSpec" name="Row Num: 4 Seat Num: 9 MiddleSeat Num: 5 Numer Of Seats Per Row: 10 Score: 10" time="0"/>
  <testcase classname="com.walmart.service.TicketServiceWalmartImplSpec" name="Row Num: 4 Seat Num: 10 MiddleSeat Num: 5 Numer Of Seats Per Row: 10 Score: 9" time="0.001"/>
  <testcase classname="com.walmart.service.TicketServiceWalmartImplSpec" name="Row Num: 3 Seat Num: 1 MiddleSeat Num: 5 Numer Of Seats Per Row: 10 Score: 7" time="0.001"/>
  <testcase classname="com.walmart.service.TicketServiceWalmartImplSpec" name="Row Num: 3 Seat Num: 2 MiddleSeat Num: 5 Numer Of Seats Per Row: 10 Score: 8" time="0"/>
  <testcase classname="com.walmart.service.TicketServiceWalmartImplSpec" name="Row Num: 3 Seat Num: 3 MiddleSeat Num: 5 Numer Of Seats Per Row: 10 Score: 9" time="0.001"/>
  <testcase classname="com.walmart.service.TicketServiceWalmartImplSpec" name="Row Num: 3 Seat Num: 4 MiddleSeat Num: 5 Numer Of Seats Per Row: 10 Score: 10" time="0"/>
  <testcase classname="com.walmart.service.TicketServiceWalmartImplSpec" name="Row Num: 3 Seat Num: 5 MiddleSeat Num: 5 Numer Of Seats Per Row: 10 Score: 11" time="0.001"/>
  <testcase classname="com.walmart.service.TicketServiceWalmartImplSpec" name="Row Num: 3 Seat Num: 6 MiddleSeat Num: 5 Numer Of Seats Per Row: 10 Score: 11" time="0"/>
  <testcase classname="com.walmart.service.TicketServiceWalmartImplSpec" name="Row Num: 3 Seat Num: 7 MiddleSeat Num: 5 Numer Of Seats Per Row: 10 Score: 10" time="0"/>
  <testcase classname="com.walmart.service.TicketServiceWalmartImplSpec" name="Row Num: 3 Seat Num: 8 MiddleSeat Num: 5 Numer Of Seats Per Row: 10 Score: 9" time="0"/>
  <testcase classname="com.walmart.service.TicketServiceWalmartImplSpec" name="Row Num: 3 Seat Num: 9 MiddleSeat Num: 5 Numer Of Seats Per Row: 10 Score: 8" time="0.001"/>
  <testcase classname="com.walmart.service.TicketServiceWalmartImplSpec" name="Row Num: 3 Seat Num: 10 MiddleSeat Num: 5 Numer Of Seats Per Row: 10 Score: 7" time="0"/>
  <testcase classname="com.walmart.service.TicketServiceWalmartImplSpec" name="Row Num: 2 Seat Num: 1 MiddleSeat Num: 5 Numer Of Seats Per Row: 10 Score: 5" time="0"/>
  <testcase classname="com.walmart.service.TicketServiceWalmartImplSpec" name="Row Num: 2 Seat Num: 2 MiddleSeat Num: 5 Numer Of Seats Per Row: 10 Score: 6" time="0.001"/>
  <testcase classname="com.walmart.service.TicketServiceWalmartImplSpec" name="Row Num: 2 Seat Num: 3 MiddleSeat Num: 5 Numer Of Seats Per Row: 10 Score: 7" time="0"/>
  <testcase classname="com.walmart.service.TicketServiceWalmartImplSpec" name="Row Num: 2 Seat Num: 4 MiddleSeat Num: 5 Numer Of Seats Per Row: 10 Score: 8" time="0.001"/>
  <testcase classname="com.walmart.service.TicketServiceWalmartImplSpec" name="Row Num: 2 Seat Num: 5 MiddleSeat Num: 5 Numer Of Seats Per Row: 10 Score: 9" time="0"/>
  <testcase classname="com.walmart.service.TicketServiceWalmartImplSpec" name="Row Num: 2 Seat Num: 6 MiddleSeat Num: 5 Numer Of Seats Per Row: 10 Score: 9" time="0.001"/>
  <testcase classname="com.walmart.service.TicketServiceWalmartImplSpec" name="Row Num: 2 Seat Num: 7 MiddleSeat Num: 5 Numer Of Seats Per Row: 10 Score: 8" time="0"/>
  <testcase classname="com.walmart.service.TicketServiceWalmartImplSpec" name="Row Num: 2 Seat Num: 8 MiddleSeat Num: 5 Numer Of Seats Per Row: 10 Score: 7" time="0.001"/>
  <testcase classname="com.walmart.service.TicketServiceWalmartImplSpec" name="Row Num: 2 Seat Num: 9 MiddleSeat Num: 5 Numer Of Seats Per Row: 10 Score: 6" time="0.001"/>
  <testcase classname="com.walmart.service.TicketServiceWalmartImplSpec" name="Row Num: 2 Seat Num: 10 MiddleSeat Num: 5 Numer Of Seats Per Row: 10 Score: 5" time="0"/>
  <testcase classname="com.walmart.service.TicketServiceWalmartImplSpec" name="Row Num: 1 Seat Num: 1 MiddleSeat Num: 5 Numer Of Seats Per Row: 10 Score: 3" time="0.001"/>
  <testcase classname="com.walmart.service.TicketServiceWalmartImplSpec" name="Row Num: 1 Seat Num: 2 MiddleSeat Num: 5 Numer Of Seats Per Row: 10 Score: 4" time="0.001"/>
  <testcase classname="com.walmart.service.TicketServiceWalmartImplSpec" name="Row Num: 1 Seat Num: 3 MiddleSeat Num: 5 Numer Of Seats Per Row: 10 Score: 5" time="0"/>
  <testcase classname="com.walmart.service.TicketServiceWalmartImplSpec" name="Row Num: 1 Seat Num: 4 MiddleSeat Num: 5 Numer Of Seats Per Row: 10 Score: 6" time="0"/>
  <testcase classname="com.walmart.service.TicketServiceWalmartImplSpec" name="Row Num: 1 Seat Num: 5 MiddleSeat Num: 5 Numer Of Seats Per Row: 10 Score: 7" time="0"/>
  <testcase classname="com.walmart.service.TicketServiceWalmartImplSpec" name="Row Num: 1 Seat Num: 6 MiddleSeat Num: 5 Numer Of Seats Per Row: 10 Score: 7" time="0"/>
  <testcase classname="com.walmart.service.TicketServiceWalmartImplSpec" name="Row Num: 1 Seat Num: 7 MiddleSeat Num: 5 Numer Of Seats Per Row: 10 Score: 6" time="0"/>
  <testcase classname="com.walmart.service.TicketServiceWalmartImplSpec" name="Row Num: 1 Seat Num: 8 MiddleSeat Num: 5 Numer Of Seats Per Row: 10 Score: 5" time="0"/>
  <testcase classname="com.walmart.service.TicketServiceWalmartImplSpec" name="Row Num: 1 Seat Num: 9 MiddleSeat Num: 5 Numer Of Seats Per Row: 10 Score: 4" time="0.001"/>
  <testcase classname="com.walmart.service.TicketServiceWalmartImplSpec" name="Row Num: 1 Seat Num: 10 MiddleSeat Num: 5 Numer Of Seats Per Row: 10 Score: 3" time="0"/>
  <testcase classname="com.walmart.service.TicketServiceWalmartImplSpec" name="test numSeatsAvailable method with no all seats been available" time="0.001"/>
  <testcase classname="com.walmart.service.TicketServiceWalmartImplSpec" name="test numSeatsAvailable method with 10 seats on pending status and no booked" time="0.019"/>
  <testcase classname="com.walmart.service.TicketServiceWalmartImplSpec" name="test numSeatsAvailable method with 10 seats booked" time="0.101"/>
  <testcase classname="com.walmart.service.TicketServiceWalmartImplSpec" name="test numSeatsAvailable method with 10 seats on pending status and 10 seats booked" time="0.003"/>
  <testcase classname="com.walmart.service.TicketServiceWalmartImplSpec" name="test numSeatsAvailable method with 10 seats on pending status and 10 seats expired" time="3.509"/>
  <testcase classname="com.walmart.service.TicketServiceWalmartImplSpec" name="test findAndHoldSeats where request number is &gt; than venue holdLimit" time="0.004"/>
  <testcase classname="com.walmart.service.TicketServiceWalmartImplSpec" name="test findAndHoldSeats where request can be handled" time="0.024"/>
  <testcase classname="com.walmart.service.TicketServiceWalmartImplSpec" name="test findAndHoldSeats where request cannot be handled" time="0.011"/>
  <testcase classname="com.walmart.service.TicketServiceWalmartImplSpec" name="test reserveSeats with invalid Id" time="0"/>
  <testcase classname="com.walmart.service.TicketServiceWalmartImplSpec" name="test reserveSeats with invalid email" time="0.001"/>
  <testcase classname="com.walmart.service.TicketServiceWalmartImplSpec" name="test reserveSeats with all reservation has timed out" time="3.503"/>
  <testcase classname="com.walmart.service.TicketServiceWalmartImplSpec" name="test reserveSeats with resrvation been successfull" time="0.002"/>
  <testcase classname="com.walmart.service.TicketServiceWalmartImplSpec" name="test reserveSeats with some resrvation been successfull and some has timed out" time="3.51"/>
</testsuite>